Starting experiments for Shiro-ef hnswdis library...


EXPERIMENTS_ROOT: /home/ryawszn/experiments/shiro-ef
Starting offline experiments...

Rebuilding table for deep-image-96-angular...
Normalize the data vectors
Data vectors dimensions: 9990000 x 96
Query vectors dimensions: 10000 x 96
Neighbors dimensions: 10000 x 100
Using AVX512 Inner Product distance
Index loaded
Dimension of space:96
Data size of space:384
Loading samplings from /home/ryawszn/experiments/shiro-ef/sampling/deep-image-96-angular-samplings--k100-ef.bin
Samplings loaded from /home/ryawszn/experiments/shiro-ef/sampling/deep-image-96-angular-samplings--k100-ef.bin
Average Recall: 0.840471
Initial average recall with ef=100: 0.840705
Average Recall: 0.888812
Initial average recall with ef=150: 0.888899
Recall diff is too small for 1 consecutive steps, break.
Recall diff is too small for 1 consecutive steps, break.
Recall diff is too small for 1 consecutive steps, break.
Recall diff is too small for 1 consecutive steps, break.
Recall diff is too small for 1 consecutive steps, break.
Recall diff is too small for 1 consecutive steps, break.
Recall diff is too small for 1 consecutive steps, break.
Recall diff is too small for 1 consecutive steps, break.
Recall diff is too small for 1 consecutive steps, break.
Recall diff is too small for 1 consecutive steps, break.
Recall diff is too small for 1 consecutive steps, break.
Recall diff is too small for 1 consecutive steps, break.
Weighted average ef: 343.742
Training rv-bucket 0 [21.8103, 51.1144) with 200 queries.
Average Recall: 0.621457
Initial average recall with ef=100: 0.618639
Average Recall: 0.705427
Initial average recall with ef=150: 0.702147
Recall diff is too small for 1 consecutive steps, break.
Recall diff is too small for 1 consecutive steps, break.
Recall diff is too small for 1 consecutive steps, break.
Recall diff is too small for 1 consecutive steps, break.
Weighted average ef: 959.345
Training rv-bucket 1 [51.1144, 56.2137) with 200 queries.
Average Recall: 0.6542
Initial average recall with ef=100: 0.651564
Average Recall: 0.7339
Initial average recall with ef=150: 0.732849
Recall diff is too small for 1 consecutive steps, break.
Recall diff is too small for 1 consecutive steps, break.
Weighted average ef: 759.44
Training rv-bucket 2 [56.2137, 58.9665) with 200 queries.
Average Recall: 0.67725
Initial average recall with ef=100: 0.66422
Average Recall: 0.75685
Initial average recall with ef=150: 0.744046
Weighted average ef: 723.965
Training rv-bucket 3 [58.9665, 63.9648) with 200 queries.
Average Recall: 0.72425
Initial average recall with ef=100: 0.719364
Average Recall: 0.79655
Initial average recall with ef=150: 0.792197
Recall diff is too small for 1 consecutive steps, break.
Recall diff is too small for 1 consecutive steps, break.
Weighted average ef: 555.51
Training rv-bucket 4 [63.9648, 67.6926) with 200 queries.
Average Recall: 0.8017
Initial average recall with ef=100: 0.805464
Average Recall: 0.86555
Initial average recall with ef=150: 0.869124
Recall diff is too small for 1 consecutive steps, break.
Weighted average ef: 358.49
Training rv-bucket 5 [67.6926, 70.3704) with 200 queries.
Average Recall: 0.82975
Initial average recall with ef=100: 0.834611
Average Recall: 0.8875
Initial average recall with ef=150: 0.891865
Weighted average ef: 303.21
Training rv-bucket 6 [70.3704, 72.4827) with 200 queries.
Average Recall: 0.8473
Initial average recall with ef=100: 0.852746
Average Recall: 0.90115
Initial average recall with ef=150: 0.905803
Recall diff is too small for 1 consecutive steps, break.
Weighted average ef: 267.785
Training rv-bucket 7 [72.4827, 74.5908) with 200 queries.
Average Recall: 0.86805
Initial average recall with ef=100: 0.873906
Average Recall: 0.91615
Initial average recall with ef=150: 0.921042
Weighted average ef: 240.24
Training rv-bucket 8 [74.5908, 76.5265) with 200 queries.
Average Recall: 0.8907
Initial average recall with ef=100: 0.894381
Average Recall: 0.9366
Initial average recall with ef=150: 0.939742
Weighted average ef: 198.41
Training rv-bucket 9 [76.5265, 78.4142) with 200 queries.
Average Recall: 0.9098
Initial average recall with ef=100: 0.914896
Average Recall: 0.94855
Initial average recall with ef=150: 0.952188
Weighted average ef: 175.715
Training rv-bucket 10 [78.4142, 80.1198) with 200 queries.
Average Recall: 0.9245
Initial average recall with ef=100: 0.925306
Average Recall: 0.9559
Initial average recall with ef=150: 0.956735
Weighted average ef: 148.61
Training rv-bucket 11 [80.1198, 81.9441) with 200 queries.
Average Recall: 0.94305
Initial average recall with ef=100: 0.948723
Average Recall: 0.969351
Initial average recall with ef=150: 0.97367
Weighted average ef: 111.805
Training rv-bucket 12 [81.9441, 83.8075) with 200 queries.
Average Recall: 0.9555
Initial average recall with ef=100: 0.961649
Average Recall: 0.977
Initial average recall with ef=150: 0.982022
Weighted average ef: 106.16
Training rv-bucket 13 [83.8075, 86.0539) with 200 queries.
Average Recall: 0.975
Initial average recall with ef=100: 0.97665
Average Recall: 0.9893
Initial average recall with ef=150: 0.990619
Weighted average ef: 101.1
Training rv-bucket 14 [86.0539, inf) with 200 queries.
Average Recall: 0.98355
Initial average recall with ef=100: 0.986908
Average Recall: 0.9916
Initial average recall with ef=150: 0.993918
Weighted average ef: 97
Reconstructed True WAE: 235.018 (Hard Pct: 0.0212)
Finished building table for deep-image-96-angular
Rebuilding table for glove-100-angular...
Normalize the data vectors
Data vectors dimensions: 1183514 x 100
Query vectors dimensions: 10000 x 100
Neighbors dimensions: 10000 x 100
Using AVX512 Inner Product distance
Index loaded
Dimension of space:100
Data size of space:400
Loading samplings from /home/ryawszn/experiments/shiro-ef/sampling/glove-100-angular-samplings--k100-ef.bin
Samplings loaded from /home/ryawszn/experiments/shiro-ef/sampling/glove-100-angular-samplings--k100-ef.bin
Average Recall: 0.717245
Initial average recall with ef=100: 0.717136
Average Recall: 0.761977
Initial average recall with ef=150: 0.762293
Weighted average ef: 2365.71
Training rv-bucket 0 [12.9429, 38.0075) with 200 queries.
Average Recall: 0.50955
Initial average recall with ef=100: 0.486957
Average Recall: 0.5592
Initial average recall with ef=150: 0.537065
Recall diff is too small for 1 consecutive steps, break.
Recall diff is too small for 1 consecutive steps, break.
Weighted average ef: 3931.37
Training rv-bucket 1 [38.0075, 41.1542) with 200 queries.
Average Recall: 0.439548
Initial average recall with ef=100: 0.411941
Average Recall: 0.49585
Initial average recall with ef=150: 0.470118
Recall diff is too small for 1 consecutive steps, break.
Recall diff is too small for 1 consecutive steps, break.
Recall diff is too small for 1 consecutive steps, break.
Weighted average ef: 4060.38
Training rv-bucket 2 [41.1542, 47.9042) with 200 queries.
Average Recall: 0.4473
Initial average recall with ef=100: 0.415429
Average Recall: 0.507
Initial average recall with ef=150: 0.476571
Recall diff is too small for 1 consecutive steps, break.
Recall diff is too small for 1 consecutive steps, break.
Weighted average ef: 3797.29
Training rv-bucket 3 [47.9042, 54.6164) with 200 queries.
Average Recall: 0.528543
Initial average recall with ef=100: 0.527754
Average Recall: 0.58845
Initial average recall with ef=150: 0.574385
Recall diff is too small for 1 consecutive steps, break.
Recall diff is too small for 1 consecutive steps, break.
Recall diff is too small for 1 consecutive steps, break.
Recall diff is too small for 1 consecutive steps, break.
Weighted average ef: 3345.38
Training rv-bucket 4 [54.6164, 60.4517) with 200 queries.
Average Recall: 0.58635
Initial average recall with ef=100: 0.573408
Average Recall: 0.65325
Initial average recall with ef=150: 0.639609
Recall diff is too small for 1 consecutive steps, break.
Recall diff is too small for 1 consecutive steps, break.
Weighted average ef: 2266.09
Training rv-bucket 5 [60.4517, 64.7876) with 200 queries.
Average Recall: 0.64605
Initial average recall with ef=100: 0.637403
Average Recall: 0.7052
Initial average recall with ef=150: 0.697403
Weighted average ef: 1834.34
Training rv-bucket 6 [64.7876, 67.8019) with 200 queries.
Average Recall: 0.6925
Initial average recall with ef=100: 0.682147
Average Recall: 0.7474
Initial average recall with ef=150: 0.737853
Recall diff is too small for 1 consecutive steps, break.
Weighted average ef: 1400.88
Training rv-bucket 7 [67.8019, 70.68) with 200 queries.
Average Recall: 0.7436
Initial average recall with ef=100: 0.731364
Average Recall: 0.79615
Initial average recall with ef=150: 0.784432
Recall diff is too small for 1 consecutive steps, break.
Weighted average ef: 1052.67
Training rv-bucket 8 [70.68, 73.5559) with 200 queries.
Average Recall: 0.78365
Initial average recall with ef=100: 0.781749
Average Recall: 0.8299
Initial average recall with ef=150: 0.82847
Weighted average ef: 984.27
Training rv-bucket 9 [73.5559, 76.16) with 200 queries.
Average Recall: 0.8078
Initial average recall with ef=100: 0.805269
Average Recall: 0.8517
Initial average recall with ef=150: 0.848817
Recall diff is too small for 1 consecutive steps, break.
Recall diff is too small for 1 consecutive steps, break.
Weighted average ef: 662.185
Training rv-bucket 10 [76.16, 78.5289) with 200 queries.
Average Recall: 0.8484
Initial average recall with ef=100: 0.850952
Average Recall: 0.8853
Initial average recall with ef=150: 0.888042
Recall diff is too small for 1 consecutive steps, break.
Recall diff is too small for 1 consecutive steps, break.
Weighted average ef: 563.45
Training rv-bucket 11 [78.5289, 80.6127) with 200 queries.
Average Recall: 0.8841
Initial average recall with ef=100: 0.88875
Average Recall: 0.9159
Initial average recall with ef=150: 0.920573
Recall diff is too small for 1 consecutive steps, break.
Weighted average ef: 351.13
Training rv-bucket 12 [80.6127, 82.5752) with 200 queries.
Average Recall: 0.92495
Initial average recall with ef=100: 0.93163
Average Recall: 0.9494
Initial average recall with ef=150: 0.956413
Weighted average ef: 221.585
Training rv-bucket 13 [82.5752, 85.0766) with 200 queries.
Average Recall: 0.951
Initial average recall with ef=100: 0.957513
Average Recall: 0.968
Initial average recall with ef=150: 0.973228
Weighted average ef: 153.8
Training rv-bucket 14 [85.0766, inf) with 200 queries.
Average Recall: 0.96305
Initial average recall with ef=100: 0.971585
Average Recall: 0.977
Initial average recall with ef=150: 0.983279
Weighted average ef: 117.86
Reconstructed True WAE: 1453.38 (Hard Pct: 0.0113)
Finished building table for glove-100-angular
Rebuilding table for sift-128-euclidean...
Data vectors dimensions: 1000000 x 128
Query vectors dimensions: 10000 x 128
Neighbors dimensions: 10000 x 100
Index loaded
Dimension of space:128
Data size of space:512
Loading samplings from /home/ryawszn/experiments/shiro-ef/sampling/sift-128-euclidean-samplings--k100-ef.bin
Samplings loaded from /home/ryawszn/experiments/shiro-ef/sampling/sift-128-euclidean-samplings--k100-ef.bin
Average Recall: 0.900427
Initial average recall with ef=100: 0.900827
Average Recall: 0.927025
Initial average recall with ef=150: 0.927325
Weighted average ef: 272.576
Training rv-bucket 0 [47.9439, 65.1447) with 200 queries.
Average Recall: 0.80435
Initial average recall with ef=100: 0.805027
Average Recall: 0.8682
Initial average recall with ef=150: 0.868984
Recall diff is too small for 1 consecutive steps, break.
Weighted average ef: 279.31
Training rv-bucket 1 [65.1447, 68.0921) with 200 queries.
Average Recall: 0.8177
Initial average recall with ef=100: 0.817892
Average Recall: 0.88055
Initial average recall with ef=150: 0.880324
Weighted average ef: 275.75
Training rv-bucket 2 [68.0921, 70.0302) with 200 queries.
Average Recall: 0.82615
Initial average recall with ef=100: 0.824749
Average Recall: 0.88705
Initial average recall with ef=150: 0.887821
Recall diff is too small for 1 consecutive steps, break.
Recall diff is too small for 1 consecutive steps, break.
Recall diff is too small for 1 consecutive steps, break.
Weighted average ef: 265.56
Training rv-bucket 3 [70.0302, 73.2734) with 200 queries.
Average Recall: 0.8701
Initial average recall with ef=100: 0.87
Average Recall: 0.9107
Initial average recall with ef=150: 0.910564
Recall diff is too small for 1 consecutive steps, break.
Recall diff is too small for 1 consecutive steps, break.
Recall diff is too small for 1 consecutive steps, break.
Recall diff is too small for 1 consecutive steps, break.
Recall diff is too small for 1 consecutive steps, break.
Recall diff is too small for 1 consecutive steps, break.
Recall diff is too small for 1 consecutive steps, break.
Recall diff is too small for 1 consecutive steps, break.
Weighted average ef: 271.62
Training rv-bucket 4 [73.2734, 75.6524) with 200 queries.
Average Recall: 0.89345
Initial average recall with ef=100: 0.893604
Average Recall: 0.92275
Initial average recall with ef=150: 0.922741
Recall diff is too small for 1 consecutive steps, break.
Recall diff is too small for 1 consecutive steps, break.
Recall diff is too small for 1 consecutive steps, break.
Recall diff is too small for 1 consecutive steps, break.
Recall diff is too small for 1 consecutive steps, break.
Weighted average ef: 270.215
Training rv-bucket 5 [75.6524, 77.3521) with 200 queries.
Average Recall: 0.9046
Initial average recall with ef=100: 0.904568
Average Recall: 0.9317
Initial average recall with ef=150: 0.931726
Weighted average ef: 263.31
Training rv-bucket 6 [77.3521, 78.7958) with 200 queries.
Average Recall: 0.9096
Initial average recall with ef=100: 0.911633
Average Recall: 0.93395
Initial average recall with ef=150: 0.935255
Recall diff is too small for 1 consecutive steps, break.
Recall diff is too small for 1 consecutive steps, break.
Recall diff is too small for 1 consecutive steps, break.
Recall diff is too small for 1 consecutive steps, break.
Recall diff is too small for 1 consecutive steps, break.
Weighted average ef: 242.21
Training rv-bucket 7 [78.7958, 79.8728) with 200 queries.
Average Recall: 0.9216
Initial average recall with ef=100: 0.92202
Average Recall: 0.94005
Initial average recall with ef=150: 0.940354
Weighted average ef: 222.75
Training rv-bucket 8 [79.8728, 81.0217) with 200 queries.
Average Recall: 0.9245
Initial average recall with ef=100: 0.926511
Average Recall: 0.93975
Initial average recall with ef=150: 0.94099
Recall diff is too small for 1 consecutive steps, break.
Recall diff is too small for 1 consecutive steps, break.
Recall diff is too small for 1 consecutive steps, break.
Weighted average ef: 214.035
Training rv-bucket 9 [81.0217, 82.0594) with 200 queries.
Average Recall: 0.9252
Initial average recall with ef=100: 0.928032
Average Recall: 0.9419
Initial average recall with ef=150: 0.942659
Recall diff is too small for 1 consecutive steps, break.
Weighted average ef: 211.5
Training rv-bucket 10 [82.0594, 83.1675) with 200 queries.
Average Recall: 0.93145
Initial average recall with ef=100: 0.933351
Average Recall: 0.9438
Initial average recall with ef=150: 0.944309
Recall diff is too small for 1 consecutive steps, break.
Weighted average ef: 206.655
Training rv-bucket 11 [83.1675, 84.2372) with 200 queries.
Average Recall: 0.93615
Initial average recall with ef=100: 0.936872
Average Recall: 0.94645
Initial average recall with ef=150: 0.94677
Recall diff is too small for 1 consecutive steps, break.
Weighted average ef: 195.98
Training rv-bucket 12 [84.2372, 85.375) with 200 queries.
Average Recall: 0.9412
Initial average recall with ef=100: 0.94178
Average Recall: 0.9481
Initial average recall with ef=150: 0.948115
Weighted average ef: 187.17
Training rv-bucket 13 [85.375, 86.9422) with 200 queries.
Average Recall: 0.947551
Initial average recall with ef=100: 0.948601
Average Recall: 0.9536
Initial average recall with ef=150: 0.954249
Weighted average ef: 147.43
Training rv-bucket 14 [86.9422, inf) with 200 queries.
Average Recall: 0.953
Initial average recall with ef=100: 0.95359
Average Recall: 0.9571
Initial average recall with ef=150: 0.95718
Weighted average ef: 98.25
Reconstructed True WAE: 217.514 (Hard Pct: 0.0196)
Finished building table for sift-128-euclidean
Starting adaptive ef tests...


Dataset: deep-image-96-angular
Metric: cd
Truncation ratio: 0.25
Normalize the data vectors
Data vectors dimensions: 9990000 x 96
Query vectors dimensions: 10000 x 96
Neighbors dimensions: 10000 x 100
Using AVX512 Inner Product distance
Index loaded
Dimension of space:96
Data size of space:384
****Weighted average ef: 235
Search time: 9707 ms
Search time: 9597 ms
Search time: 6923 ms
Average Recall: 0.980168
5th percentile recall: 0.93
1st percentile recall: 0.89
Median search time: 9597 ms
Search times: 6923 ms, 9597 ms, 9707 ms, 
deep-image-96-angular experiment results:
statisc_length, time, avg_recall, 5th_percentile_recall, 1st_percentile_recall, recall_above_99, recall_above_95, recall_above_90
1025, 9597, 0.980168, 0.93, 0.89, 5669, 8666, 9800
Experiment finished
Adaptive EF Analysis for dataset: deep-image-96-angular

Search with Patience in Proximity for dataset: deep-image-96-angular
ef: 300
Average Recall: 0.734045
5th percentile recall: 0.45
1st percentile recall: 0.32
Median search time: 4058 ms
Search times: 3939 ms, 4058 ms, 4086 ms, 
deep-image-96-angular experiment results:
ef, time, avg_recall, 5th_percentile_recall, 1st_percentile_recall, recall_above_99, recall_above_95, recall_above_90
300, 4058, 0.734045, 0.45, 0.32, 95, 464, 1409
Experiment finished
ef: 100
Average Recall: 0.858172
5th percentile recall: 0.6
1st percentile recall: 0.46
Median search time: 2482 ms
Search times: 2480 ms, 2482 ms, 2558 ms, 
ef: 200
Average Recall: 0.935349
5th percentile recall: 0.76
1st percentile recall: 0.62
Median search time: 4583 ms
Search times: 2129 ms, 4583 ms, 4722 ms, 
ef: 400
Average Recall: 0.974592
5th percentile recall: 0.88
1st percentile recall: 0.78
Median search time: 8593 ms
Search times: 6253 ms, 8593 ms, 8737 ms, 
ef: 800
Average Recall: 0.99121
5th percentile recall: 0.95
1st percentile recall: 0.89
Median search time: 16379 ms
Search times: 13430 ms, 16379 ms, 16398 ms, 
deep-image-96-angular experiment results:
ef, time, avg_recall, 5th_percentile_recall, 1st_percentile_recall, recall_above_99, recall_above_95, recall_above_90
100, 2482, 0.858172, 0.6, 0.46, 1331, 2752, 4550
200, 4583, 0.935349, 0.76, 0.62, 3591, 5682, 7579
400, 8593, 0.974592, 0.88, 0.78, 6289, 8232, 9251
800, 16379, 0.99121, 0.95, 0.89, 8379, 9441, 9858
Experiment finished
Dataset: glove-100-angular
Metric: cd
Truncation ratio: 0.25
Normalize the data vectors
Data vectors dimensions: 1183514 x 100
Query vectors dimensions: 10000 x 100
Neighbors dimensions: 10000 x 100
Using AVX512 Inner Product distance
Index loaded
Dimension of space:100
Data size of space:400
****Weighted average ef: 1453
Search time: 43819 ms
Search time: 41048 ms
Search time: 41156 ms
Average Recall: 0.979061
5th percentile recall: 0.92
1st percentile recall: 0.87
Median search time: 41156 ms
Search times: 41048 ms, 41156 ms, 43819 ms, 
glove-100-angular experiment results:
statisc_length, time, avg_recall, 5th_percentile_recall, 1st_percentile_recall, recall_above_99, recall_above_95, recall_above_90
1025, 41156, 0.979061, 0.92, 0.87, 6034, 8207, 9646
Experiment finished
Adaptive EF Analysis for dataset: glove-100-angular

Search with Patience in Proximity for dataset: glove-100-angular
ef: 300
Average Recall: 0.582264
5th percentile recall: 0.13
1st percentile recall: 0.05
Median search time: 4036 ms
Search times: 4027 ms, 4036 ms, 4040 ms, 
glove-100-angular experiment results:
ef, time, avg_recall, 5th_percentile_recall, 1st_percentile_recall, recall_above_99, recall_above_95, recall_above_90
300, 4036, 0.582264, 0.13, 0.05, 61, 365, 1093
Experiment finished
ef: 100
Average Recall: 0.69279
5th percentile recall: 0.22
1st percentile recall: 0.13
Median search time: 2109 ms
Search times: 2087 ms, 2109 ms, 2159 ms, 
ef: 200
Average Recall: 0.780761
5th percentile recall: 0.34
1st percentile recall: 0.24
Median search time: 3897 ms
Search times: 3884 ms, 3897 ms, 3914 ms, 
ef: 400
Average Recall: 0.8506
5th percentile recall: 0.48
1st percentile recall: 0.37
Median search time: 7566 ms
Search times: 5052 ms, 7566 ms, 7632 ms, 
ef: 800
Average Recall: 0.905966
5th percentile recall: 0.63
1st percentile recall: 0.52
Median search time: 12064 ms
Search times: 11965 ms, 12064 ms, 14605 ms, 
ef: 1600
Average Recall: 0.947894
5th percentile recall: 0.77
1st percentile recall: 0.68
Median search time: 25367 ms
Search times: 25290 ms, 25367 ms, 27870 ms, 
ef: 2000
Average Recall: 0.958151
5th percentile recall: 0.81
1st percentile recall: 0.73
Median search time: 31528 ms
Search times: 31518 ms, 31528 ms, 32413 ms, 
ef: 2400
Average Recall: 0.96554
5th percentile recall: 0.84
1st percentile recall: 0.77
Median search time: 37676 ms
Search times: 35617 ms, 37676 ms, 37821 ms, 
ef: 2800
Average Recall: 0.971168
5th percentile recall: 0.86
1st percentile recall: 0.8
Median search time: 43992 ms
Search times: 41426 ms, 43992 ms, 44402 ms, 
ef: 3200
Average Recall: 0.975495
5th percentile recall: 0.88
1st percentile recall: 0.82
Median search time: 47733 ms
Search times: 47479 ms, 47733 ms, 50749 ms, 
ef: 3600
Average Recall: 0.978852
5th percentile recall: 0.9
1st percentile recall: 0.84
Median search time: 53216 ms
Search times: 52832 ms, 53216 ms, 55182 ms, 
ef: 4000
Average Recall: 0.981573
5th percentile recall: 0.91
1st percentile recall: 0.86
Median search time: 59861 ms
Search times: 59796 ms, 59861 ms, 60875 ms, 
ef: 4400
Average Recall: 0.983881
5th percentile recall: 0.92
1st percentile recall: 0.87
Median search time: 66560 ms
Search times: 64421 ms, 66560 ms, 68495 ms, 
ef: 4800
Average Recall: 0.985826
5th percentile recall: 0.93
1st percentile recall: 0.88
Median search time: 71420 ms
Search times: 71298 ms, 71420 ms, 73036 ms, 
ef: 5200
Average Recall: 0.987418
5th percentile recall: 0.94
1st percentile recall: 0.9
Median search time: 77473 ms
Search times: 75252 ms, 77473 ms, 78004 ms, 
glove-100-angular experiment results:
ef, time, avg_recall, 5th_percentile_recall, 1st_percentile_recall, recall_above_99, recall_above_95, recall_above_90
100, 2109, 0.69279, 0.22, 0.13, 903, 1807, 2837
200, 3897, 0.780761, 0.34, 0.24, 2084, 3132, 4250
400, 7566, 0.8506, 0.48, 0.37, 3178, 4334, 5490
800, 12064, 0.905966, 0.63, 0.52, 4215, 5494, 6665
1600, 25367, 0.947894, 0.77, 0.68, 5304, 6636, 7842
2000, 31528, 0.958151, 0.81, 0.73, 5673, 7062, 8270
2400, 37676, 0.96554, 0.84, 0.77, 5989, 7386, 8618
2800, 43992, 0.971168, 0.86, 0.8, 6266, 7694, 8947
3200, 47733, 0.975495, 0.88, 0.82, 6495, 7978, 9185
3600, 53216, 0.978852, 0.9, 0.84, 6713, 8227, 9394
4000, 59861, 0.981573, 0.91, 0.86, 6921, 8440, 9548
4400, 66560, 0.983881, 0.92, 0.87, 7133, 8624, 9681
4800, 71420, 0.985826, 0.93, 0.88, 7338, 8824, 9768
5200, 77473, 0.987418, 0.94, 0.9, 7510, 8999, 9835
Experiment finished
Dataset: sift-128-euclidean
Metric: l2
Truncation ratio: 0.25
Data vectors dimensions: 1000000 x 128
Query vectors dimensions: 10000 x 128
Neighbors dimensions: 10000 x 100
Index loaded
Dimension of space:128
Data size of space:512
****Weighted average ef: 217
Search time: 3269 ms
Search time: 5723 ms
Search time: 5842 ms
Average Recall: 0.989831
5th percentile recall: 0.96
1st percentile recall: 0.92
Median search time: 5723 ms
Search times: 3269 ms, 5723 ms, 5842 ms, 
sift-128-euclidean experiment results:
statisc_length, time, avg_recall, 5th_percentile_recall, 1st_percentile_recall, recall_above_99, recall_above_95, recall_above_90
1025, 5723, 0.989831, 0.96, 0.92, 7627, 9535, 9951
Experiment finished
Adaptive EF Analysis for dataset: sift-128-euclidean

Search with Patience in Proximity for dataset: sift-128-euclidean
ef: 300
Average Recall: 0.807587
5th percentile recall: 0.62
1st percentile recall: 0.53
Median search time: 3477 ms
Search times: 873 ms, 3477 ms, 3504 ms, 
sift-128-euclidean experiment results:
ef, time, avg_recall, 5th_percentile_recall, 1st_percentile_recall, recall_above_99, recall_above_95, recall_above_90
300, 3477, 0.807587, 0.62, 0.53, 96, 595, 1967
Experiment finished
ef: 100
Average Recall: 0.926805
5th percentile recall: 0.79
1st percentile recall: 0.72
Median search time: 1934 ms
Search times: 1863 ms, 1934 ms, 1988 ms, 
ef: 200
Average Recall: 0.979195
5th percentile recall: 0.92
1st percentile recall: 0.87
Median search time: 3782 ms
Search times: 3737 ms, 3782 ms, 3785 ms, 
ef: 400
Average Recall: 0.995709
5th percentile recall: 0.98
1st percentile recall: 0.95
Median search time: 7044 ms
Search times: 4469 ms, 7044 ms, 7178 ms, 
sift-128-euclidean experiment results:
ef, time, avg_recall, 5th_percentile_recall, 1st_percentile_recall, recall_above_99, recall_above_95, recall_above_90
100, 1934, 0.926805, 0.79, 0.72, 2003, 4251, 6988
200, 3782, 0.979195, 0.92, 0.87, 5826, 8450, 9688
400, 7044, 0.995709, 0.98, 0.95, 9056, 9888, 9997
Experiment finished
