Starting experiments for Shiro-ef hnswdis library...


EXPERIMENTS_ROOT: /home/ryawszn/experiments/shiro-ef
Starting offline experiments...

Rebuilding table for glove-100-angular...
Normalize the data vectors
Data vectors dimensions: 1183514 x 100
Query vectors dimensions: 10000 x 100
Neighbors dimensions: 10000 x 100
Using AVX512 Inner Product distance
Index loaded
Dimension of space:100
Data size of space:400
Loading samplings from /home/ryawszn/experiments/shiro-ef/sampling/glove-100-angular-samplings--k100-ef.bin
Samplings loaded from /home/ryawszn/experiments/shiro-ef/sampling/glove-100-angular-samplings--k100-ef.bin
Average Recall: 0.717245
Initial average recall with ef=100: 0.717136
Average Recall: 0.761977
Initial average recall with ef=150: 0.762293
Weighted average ef: 2563.08
Training rv-bucket 0 [12.9429, 38.0075) with 200 queries.
Average Recall: 0.50955
Initial average recall with ef=100: 0.482486
Average Recall: 0.5592
Initial average recall with ef=150: 0.532818
Recall diff is too small for 1 consecutive steps, break.
Recall diff is too small for 1 consecutive steps, break.
Weighted average ef: 3916.57
Training rv-bucket 1 [38.0075, 41.1542) with 200 queries.
Average Recall: 0.439548
Initial average recall with ef=100: 0.418436
Average Recall: 0.49585
Initial average recall with ef=150: 0.476201
Recall diff is too small for 1 consecutive steps, break.
Recall diff is too small for 1 consecutive steps, break.
Recall diff is too small for 1 consecutive steps, break.
Recall diff is too small for 1 consecutive steps, break.
Recall diff is too small for 1 consecutive steps, break.
Weighted average ef: 4263.94
Training rv-bucket 2 [41.1542, 47.9042) with 200 queries.
Average Recall: 0.4473
Initial average recall with ef=100: 0.420769
Average Recall: 0.507
Initial average recall with ef=150: 0.480989
Recall diff is too small for 1 consecutive steps, break.
Weighted average ef: 3953.09
Training rv-bucket 3 [47.9042, 54.6164) with 200 queries.
Average Recall: 0.528543
Initial average recall with ef=100: 0.526931
Average Recall: 0.58845
Initial average recall with ef=150: 0.574021
Recall diff is too small for 1 consecutive steps, break.
Recall diff is too small for 1 consecutive steps, break.
Recall diff is too small for 1 consecutive steps, break.
Recall diff is too small for 1 consecutive steps, break.
Weighted average ef: 3365.36
Training rv-bucket 4 [54.6164, 60.4517) with 200 queries.
Average Recall: 0.58635
Initial average recall with ef=100: 0.571292
Average Recall: 0.65325
Initial average recall with ef=150: 0.63809
Recall diff is too small for 1 consecutive steps, break.
Weighted average ef: 2275.25
Training rv-bucket 5 [60.4517, 64.7876) with 200 queries.
Average Recall: 0.64605
Initial average recall with ef=100: 0.631955
Average Recall: 0.7052
Initial average recall with ef=150: 0.692514
Weighted average ef: 1818.07
Training rv-bucket 6 [64.7876, 67.8019) with 200 queries.
Average Recall: 0.6925
Initial average recall with ef=100: 0.680164
Average Recall: 0.7474
Initial average recall with ef=150: 0.735956
Weighted average ef: 1489.9
Training rv-bucket 7 [67.8019, 70.68) with 200 queries.
Average Recall: 0.7436
Initial average recall with ef=100: 0.734011
Average Recall: 0.79615
Initial average recall with ef=150: 0.788242
Recall diff is too small for 1 consecutive steps, break.
Recall diff is too small for 1 consecutive steps, break.
Weighted average ef: 1071.3
Training rv-bucket 8 [70.68, 73.5559) with 200 queries.
Average Recall: 0.78365
Initial average recall with ef=100: 0.768146
Average Recall: 0.8299
Initial average recall with ef=150: 0.816966
Recall diff is too small for 1 consecutive steps, break.
Recall diff is too small for 1 consecutive steps, break.
Weighted average ef: 999.825
Training rv-bucket 9 [73.5559, 76.16) with 200 queries.
Average Recall: 0.8078
Initial average recall with ef=100: 0.79548
Average Recall: 0.8517
Initial average recall with ef=150: 0.841073
Recall diff is too small for 1 consecutive steps, break.
Weighted average ef: 693.78
Training rv-bucket 10 [76.16, 78.5289) with 200 queries.
Average Recall: 0.8484
Initial average recall with ef=100: 0.837542
Average Recall: 0.8853
Initial average recall with ef=150: 0.876257
Recall diff is too small for 1 consecutive steps, break.
Recall diff is too small for 1 consecutive steps, break.
Recall diff is too small for 1 consecutive steps, break.
Weighted average ef: 591.145
Training rv-bucket 11 [78.5289, 80.6127) with 200 queries.
Average Recall: 0.8841
Initial average recall with ef=100: 0.88508
Average Recall: 0.9159
Initial average recall with ef=150: 0.917884
Recall diff is too small for 1 consecutive steps, break.
Weighted average ef: 358.455
Training rv-bucket 12 [80.6127, 82.5752) with 200 queries.
Average Recall: 0.92495
Initial average recall with ef=100: 0.922105
Average Recall: 0.9494
Initial average recall with ef=150: 0.947427
Recall diff is too small for 1 consecutive steps, break.
Recall diff is too small for 1 consecutive steps, break.
Weighted average ef: 213.025
Training rv-bucket 13 [82.5752, 85.0766) with 200 queries.
Average Recall: 0.951
Initial average recall with ef=100: 0.954457
Average Recall: 0.968
Initial average recall with ef=150: 0.971657
Weighted average ef: 146.88
Training rv-bucket 14 [85.0766, inf) with 200 queries.
Average Recall: 0.96305
Initial average recall with ef=100: 0.967826
Average Recall: 0.977
Initial average recall with ef=150: 0.98087
Weighted average ef: 120.785
Reconstructed True WAE: 1433.11 (Hard Pct: 0.0113)
Finished building table for glove-100-angular
Starting adaptive ef tests...


Dataset: glove-100-angular
Metric: cd
Truncation ratio: 0.25
Normalize the data vectors
Data vectors dimensions: 1183514 x 100
Query vectors dimensions: 10000 x 100
Neighbors dimensions: 10000 x 100
Using AVX512 Inner Product distance
Index loaded
Dimension of space:100
Data size of space:400
****Weighted average ef: 1433
Search time: 45822 ms
Search time: 38504 ms
Search time: 39242 ms
Average Recall: 0.97901
5th percentile recall: 0.92
1st percentile recall: 0.88
Median search time: 39242 ms
Search times: 38504 ms, 39242 ms, 45822 ms, 
glove-100-angular experiment results:
statisc_length, time, avg_recall, 5th_percentile_recall, 1st_percentile_recall, recall_above_99, recall_above_95, recall_above_90
1025, 39242, 0.97901, 0.92, 0.88, 5982, 8187, 9674
Experiment finished
Adaptive EF Analysis for dataset: glove-100-angular

Search with Patience in Proximity for dataset: glove-100-angular
ef: 300
