Starting experiments for Shiro-ef hnswdis library...


EXPERIMENTS_ROOT: /home/ryawszn/experiments/shiro-ef
Starting adaptive ef tests...


Dataset: deep-image-96-angular
Metric: cd
Truncation ratio: 0.25
Normalize the data vectors
Data vectors dimensions: 9990000 x 96
Query vectors dimensions: 10000 x 96
Neighbors dimensions: 10000 x 100
Using AVX512 Inner Product distance
Index loaded
Dimension of space:96
Data size of space:384
****Weighted average ef: 241
Search time: 9602 ms
Search time: 9423 ms
Search time: 6679 ms
Average Recall: 0.979221
5th percentile recall: 0.93
1st percentile recall: 0.89
Median search time: 9423 ms
Search times: 6679 ms, 9423 ms, 9602 ms, 
deep-image-96-angular experiment results:
statisc_length, time, avg_recall, 5th_percentile_recall, 1st_percentile_recall, recall_above_99, recall_above_95, recall_above_90
1025, 9423, 0.979221, 0.93, 0.89, 5459, 8582, 9794
Experiment finished
Adaptive EF Analysis for dataset: deep-image-96-angular

Search with Patience in Proximity for dataset: deep-image-96-angular
ef: 300
Average Recall: 0.734045
5th percentile recall: 0.45
1st percentile recall: 0.32
Median search time: 4083 ms
Search times: 4072 ms, 4083 ms, 4155 ms, 
deep-image-96-angular experiment results:
ef, time, avg_recall, 5th_percentile_recall, 1st_percentile_recall, recall_above_99, recall_above_95, recall_above_90
300, 4083, 0.734045, 0.45, 0.32, 95, 464, 1409
Experiment finished
ef: 100
Average Recall: 0.858172
5th percentile recall: 0.6
1st percentile recall: 0.46
Median search time: 2411 ms
Search times: 2392 ms, 2411 ms, 2458 ms, 
ef: 200
Average Recall: 0.935349
5th percentile recall: 0.76
1st percentile recall: 0.62
Median search time: 4445 ms
Search times: 1809 ms, 4445 ms, 4505 ms, 
ef: 400
Average Recall: 0.974592
5th percentile recall: 0.88
1st percentile recall: 0.78
Median search time: 8611 ms
Search times: 5857 ms, 8611 ms, 8839 ms, 
ef: 800
Average Recall: 0.99121
5th percentile recall: 0.95
1st percentile recall: 0.89
Median search time: 16020 ms
Search times: 13193 ms, 16020 ms, 16653 ms, 
deep-image-96-angular experiment results:
ef, time, avg_recall, 5th_percentile_recall, 1st_percentile_recall, recall_above_99, recall_above_95, recall_above_90
100, 2411, 0.858172, 0.6, 0.46, 1331, 2752, 4550
200, 4445, 0.935349, 0.76, 0.62, 3591, 5682, 7579
400, 8611, 0.974592, 0.88, 0.78, 6289, 8232, 9251
800, 16020, 0.99121, 0.95, 0.89, 8379, 9441, 9858
Experiment finished
Dataset: glove-100-angular
Metric: cd
Truncation ratio: 0.25
Normalize the data vectors
Data vectors dimensions: 1183514 x 100
Query vectors dimensions: 10000 x 100
Neighbors dimensions: 10000 x 100
Using AVX512 Inner Product distance
Index loaded
Dimension of space:100
Data size of space:400
****Weighted average ef: 1408
Search time: 40351 ms
Search time: 37050 ms
Search time: 42341 ms
Average Recall: 0.978122
5th percentile recall: 0.91
1st percentile recall: 0.87
Median search time: 40351 ms
Search times: 37050 ms, 40351 ms, 42341 ms, 
glove-100-angular experiment results:
statisc_length, time, avg_recall, 5th_percentile_recall, 1st_percentile_recall, recall_above_99, recall_above_95, recall_above_90
1025, 40351, 0.978122, 0.91, 0.87, 5929, 8127, 9608
Experiment finished
Adaptive EF Analysis for dataset: glove-100-angular

Search with Patience in Proximity for dataset: glove-100-angular
ef: 300
Average Recall: 0.582264
5th percentile recall: 0.13
1st percentile recall: 0.05
Median search time: 3987 ms
Search times: 1282 ms, 3987 ms, 4053 ms, 
glove-100-angular experiment results:
ef, time, avg_recall, 5th_percentile_recall, 1st_percentile_recall, recall_above_99, recall_above_95, recall_above_90
300, 3987, 0.582264, 0.13, 0.05, 61, 365, 1093
Experiment finished
ef: 100
Average Recall: 0.69279
5th percentile recall: 0.22
1st percentile recall: 0.13
Median search time: 1975 ms
Search times: 1942 ms, 1975 ms, 2017 ms, 
ef: 200
Average Recall: 0.780761
5th percentile recall: 0.34
1st percentile recall: 0.24
Median search time: 3792 ms
Search times: 3774 ms, 3792 ms, 3795 ms, 
ef: 400
