Starting experiments for Shiro-ef hnswdis library...


EXPERIMENTS_ROOT: /home/ryawszn/experiments/shiro-ef
Starting offline experiments...

Rebuilding table for glove-100-angular...
Normalize the data vectors
Data vectors dimensions: 1183514 x 100
Query vectors dimensions: 10000 x 100
Neighbors dimensions: 10000 x 100
Using AVX512 Inner Product distance
Index loaded
Dimension of space:100
Data size of space:400
Loading samplings from /home/ryawszn/experiments/shiro-ef/sampling/glove-100-angular-samplings--k100-ef.bin
Samplings loaded from /home/ryawszn/experiments/shiro-ef/sampling/glove-100-angular-samplings--k100-ef.bin
Average Recall: 0.717245
Initial average recall with ef=100: 0.717136
Average Recall: 0.761977
Initial average recall with ef=150: 0.762293
Weighted average ef: 2365.71
Training rv-bucket 0 [12.9429, 38.0075) with 200 queries.
Average Recall: 0.50955
Initial average recall with ef=100: 0.486957
Average Recall: 0.5592
Initial average recall with ef=150: 0.537065
Recall diff is too small for 1 consecutive steps, break.
Recall diff is too small for 1 consecutive steps, break.
Weighted average ef: 3931.37
Training rv-bucket 1 [38.0075, 41.1542) with 200 queries.
Average Recall: 0.439548
Initial average recall with ef=100: 0.411941
Average Recall: 0.49585
Initial average recall with ef=150: 0.470118
Recall diff is too small for 1 consecutive steps, break.
Recall diff is too small for 1 consecutive steps, break.
Recall diff is too small for 1 consecutive steps, break.
Weighted average ef: 4060.38
Training rv-bucket 2 [41.1542, 47.9042) with 200 queries.
Average Recall: 0.4473
Initial average recall with ef=100: 0.415429
Average Recall: 0.507
Initial average recall with ef=150: 0.476571
Recall diff is too small for 1 consecutive steps, break.
Recall diff is too small for 1 consecutive steps, break.
Weighted average ef: 3797.29
Training rv-bucket 3 [47.9042, 54.6164) with 200 queries.
Average Recall: 0.528543
Initial average recall with ef=100: 0.527754
Average Recall: 0.58845
Initial average recall with ef=150: 0.574385
Recall diff is too small for 1 consecutive steps, break.
Recall diff is too small for 1 consecutive steps, break.
Recall diff is too small for 1 consecutive steps, break.
Recall diff is too small for 1 consecutive steps, break.
Weighted average ef: 3345.38
Training rv-bucket 4 [54.6164, 60.4517) with 200 queries.
Average Recall: 0.58635
Initial average recall with ef=100: 0.573408
Average Recall: 0.65325
Initial average recall with ef=150: 0.639609
Recall diff is too small for 1 consecutive steps, break.
Recall diff is too small for 1 consecutive steps, break.
Weighted average ef: 2266.09
Training rv-bucket 5 [60.4517, 64.7876) with 200 queries.
Average Recall: 0.64605
Initial average recall with ef=100: 0.637403
Average Recall: 0.7052
Initial average recall with ef=150: 0.697403
Weighted average ef: 1834.34
Training rv-bucket 6 [64.7876, 67.8019) with 200 queries.
Average Recall: 0.6925
Initial average recall with ef=100: 0.682147
Average Recall: 0.7474
Initial average recall with ef=150: 0.737853
Recall diff is too small for 1 consecutive steps, break.
Weighted average ef: 1400.88
Training rv-bucket 7 [67.8019, 70.68) with 200 queries.
Average Recall: 0.7436
Initial average recall with ef=100: 0.731364
Average Recall: 0.79615
Initial average recall with ef=150: 0.784432
Recall diff is too small for 1 consecutive steps, break.
Weighted average ef: 1052.67
Training rv-bucket 8 [70.68, 73.5559) with 200 queries.
Average Recall: 0.78365
Initial average recall with ef=100: 0.781749
Average Recall: 0.8299
Initial average recall with ef=150: 0.82847
Weighted average ef: 984.27
Training rv-bucket 9 [73.5559, 76.16) with 200 queries.
Average Recall: 0.8078
Initial average recall with ef=100: 0.805269
Average Recall: 0.8517
Initial average recall with ef=150: 0.848817
Recall diff is too small for 1 consecutive steps, break.
Recall diff is too small for 1 consecutive steps, break.
Weighted average ef: 662.185
Training rv-bucket 10 [76.16, 78.5289) with 200 queries.
Average Recall: 0.8484
Initial average recall with ef=100: 0.850952
Average Recall: 0.8853
Initial average recall with ef=150: 0.888042
Recall diff is too small for 1 consecutive steps, break.
Recall diff is too small for 1 consecutive steps, break.
Weighted average ef: 563.45
Training rv-bucket 11 [78.5289, 80.6127) with 200 queries.
Average Recall: 0.8841
Initial average recall with ef=100: 0.88875
Average Recall: 0.9159
Initial average recall with ef=150: 0.920573
Recall diff is too small for 1 consecutive steps, break.
Weighted average ef: 351.13
Training rv-bucket 12 [80.6127, 82.5752) with 200 queries.
Average Recall: 0.92495
Initial average recall with ef=100: 0.93163
Average Recall: 0.9494
Initial average recall with ef=150: 0.956413
Weighted average ef: 221.585
Training rv-bucket 13 [82.5752, 85.0766) with 200 queries.
Average Recall: 0.951
Initial average recall with ef=100: 0.957513
Average Recall: 0.968
Initial average recall with ef=150: 0.973228
Weighted average ef: 153.8
Training rv-bucket 14 [85.0766, inf) with 200 queries.
Average Recall: 0.96305
Initial average recall with ef=100: 0.971585
Average Recall: 0.977
Initial average recall with ef=150: 0.983279
Weighted average ef: 117.86
Finished building table for glove-100-angular
Starting adaptive ef tests...


Dataset: glove-100-angular
Metric: cd
Truncation ratio: 0.25
Normalize the data vectors
Data vectors dimensions: 1183514 x 100
Query vectors dimensions: 10000 x 100
Neighbors dimensions: 10000 x 100
Using AVX512 Inner Product distance
Index loaded
Dimension of space:100
Data size of space:400
****Weighted average ef: 1649
Search time: 42634 ms
Search time: 42660 ms
Search time: 43696 ms
Average Recall: 0.979593
5th percentile recall: 0.92
1st percentile recall: 0.87
Median search time: 42660 ms
Search times: 42634 ms, 42660 ms, 43696 ms, 
glove-100-angular experiment results:
statisc_length, time, avg_recall, 5th_percentile_recall, 1st_percentile_recall, recall_above_99, recall_above_95, recall_above_90
1025, 42660, 0.979593, 0.92, 0.87, 6149, 8257, 9657
Experiment finished
Adaptive EF Analysis for dataset: glove-100-angular

Search with Patience in Proximity for dataset: glove-100-angular
ef: 300
