Starting experiments for Shiro-ef hnswdis library...


EXPERIMENTS_ROOT: /home/ryawszn/experiments/shiro-ef
Starting offline experiments...



Dataset: deep-image-96-angular
Metric: cd
Truncation ratio: 0.25
Normalize the data vectors
Data vectors dimensions: 9990000 x 96
Query vectors dimensions: 10000 x 96
Neighbors dimensions: 10000 x 100
Using AVX512 Inner Product distance
Index loaded
Dimension of space:96
Data size of space:384
Dataset statistics computing time: 0 ms
Sampling computing time: 121837 ms
Loading samplings from /home/ryawszn/experiments/shiro-ef/sampling/deep-image-96-angular-samplings--k100-ef.bin
Samplings loaded from /home/ryawszn/experiments/shiro-ef/sampling/deep-image-96-angular-samplings--k100-ef.bin
Average Recall: 0.886096
Initial average recall with ef=100: 0.8861
Average Recall: 0.927466
Initial average recall with ef=150: 0.92747
Weighted average ef: 230.583
EF-estimation table computing time: 102259 ms
Training rv-bucket 0 [39.6747, 64.8189) with 200 queries.
Average Recall: 0.7292
Initial average recall with ef=100: 0.7292
Average Recall: 0.80515
Initial average recall with ef=150: 0.80515
Weighted average ef: 570.24
Training rv-bucket 1 [64.8189, 69.2383) with 200 queries.
Average Recall: 0.8123
Initial average recall with ef=100: 0.8123
Average Recall: 0.8721
Initial average recall with ef=150: 0.8721
Weighted average ef: 378.34
Training rv-bucket 2 [69.2383, 71.8026) with 200 queries.
Average Recall: 0.84615
Initial average recall with ef=100: 0.84615
Average Recall: 0.9018
Initial average recall with ef=150: 0.9018
Recall diff is too small, break.
Weighted average ef: 295.87
Training rv-bucket 3 [71.8026, 74.1964) with 200 queries.
Average Recall: 0.86675
Initial average recall with ef=100: 0.86675
Average Recall: 0.9151
Initial average recall with ef=150: 0.9151
Weighted average ef: 267.515
Training rv-bucket 4 [74.1964, 76.1509) with 200 queries.
Average Recall: 0.891
Initial average recall with ef=100: 0.891
Average Recall: 0.93365
Initial average recall with ef=150: 0.93365
Weighted average ef: 211.75
Training rv-bucket 5 [76.1509, 77.9538) with 200 queries.
Average Recall: 0.90615
Initial average recall with ef=100: 0.90615
Average Recall: 0.94495
Initial average recall with ef=150: 0.94495
Recall diff is too small, break.
Weighted average ef: 197.265
Training rv-bucket 6 [77.9538, 80.0961) with 200 queries.
Average Recall: 0.928251
Initial average recall with ef=100: 0.92825
Average Recall: 0.96015
Initial average recall with ef=150: 0.96015
Weighted average ef: 160.465
Training rv-bucket 7 [80.0961, 82.2965) with 200 queries.
Average Recall: 0.94505
Initial average recall with ef=100: 0.94505
Average Recall: 0.9723
Initial average recall with ef=150: 0.9723
Weighted average ef: 141.51
Training rv-bucket 8 [82.2965, 85.045) with 200 queries.
Average Recall: 0.95695
Initial average recall with ef=100: 0.95695
Average Recall: 0.97925
Initial average recall with ef=150: 0.97925
Weighted average ef: 127.865
Training rv-bucket 9 [85.045, inf) with 200 queries.
Average Recall: 0.9792
Initial average recall with ef=100: 0.9792
Average Recall: 0.99025
Initial average recall with ef=150: 0.99025
Weighted average ef: 111.09
Dataset: glove-100-angular
Metric: cd
Truncation ratio: 0.25
Normalize the data vectors
Data vectors dimensions: 1183514 x 100
Query vectors dimensions: 10000 x 100
Neighbors dimensions: 10000 x 100
Using AVX512 Inner Product distance
Index loaded
Dimension of space:100
Data size of space:400
Dataset statistics computing time: 0 ms
Sampling computing time: 8847 ms
Loading samplings from /home/ryawszn/experiments/shiro-ef/sampling/glove-100-angular-samplings--k100-ef.bin
Samplings loaded from /home/ryawszn/experiments/shiro-ef/sampling/glove-100-angular-samplings--k100-ef.bin
Average Recall: 0.746562
Initial average recall with ef=100: 0.74619
Average Recall: 0.790744
Initial average recall with ef=150: 0.79035
Recall diff is too small, break.
Recall diff is too small, break.
Recall diff is too small, break.
Recall diff is too small, break.
Weighted average ef: 970.649
EF-estimation table computing time: 11364 ms
Training rv-bucket 0 [16.0745, 47.3517) with 200 queries.
Average Recall: 0.49905
Initial average recall with ef=100: 0.49905
Average Recall: 0.55385
Initial average recall with ef=150: 0.55385
Weighted average ef: 3865.29
Training rv-bucket 1 [47.3517, 55.9934) with 200 queries.
Average Recall: 0.52201
Initial average recall with ef=100: 0.5194
Average Recall: 0.581105
Initial average recall with ef=150: 0.5782
Recall diff is too small, break.
Weighted average ef: 3178.17
Training rv-bucket 2 [55.9934, 62.4932) with 200 queries.
Average Recall: 0.60015
Initial average recall with ef=100: 0.60015
Average Recall: 0.66355
Initial average recall with ef=150: 0.66355
Weighted average ef: 2340.83
Training rv-bucket 3 [62.4932, 67.05) with 200 queries.
Average Recall: 0.67405
Initial average recall with ef=100: 0.67405
Average Recall: 0.7321
Initial average recall with ef=150: 0.7321
Recall diff is too small, break.
Weighted average ef: 1720.34
Training rv-bucket 4 [67.05, 71.3741) with 200 queries.
Average Recall: 0.7417
Initial average recall with ef=100: 0.7417
Average Recall: 0.79415
Initial average recall with ef=150: 0.79415
Weighted average ef: 1283.89
Training rv-bucket 5 [71.3741, 74.993) with 200 queries.
Average Recall: 0.79155
Initial average recall with ef=100: 0.79155
Average Recall: 0.84115
Initial average recall with ef=150: 0.84115
Weighted average ef: 845.01
Training rv-bucket 6 [74.993, 78.5331) with 200 queries.
Average Recall: 0.85785
Initial average recall with ef=100: 0.85785
Average Recall: 0.89335
Initial average recall with ef=150: 0.89335
Recall diff is too small, break.
Weighted average ef: 610.41
Training rv-bucket 7 [78.5331, 81.3854) with 200 queries.
Average Recall: 0.88225
Initial average recall with ef=100: 0.88225
Average Recall: 0.91365
Initial average recall with ef=150: 0.91365
Recall diff is too small, break.
Recall diff is too small, break.
Weighted average ef: 486.83
Training rv-bucket 8 [81.3854, 84.3554) with 200 queries.
Average Recall: 0.93185
Initial average recall with ef=100: 0.93185
Average Recall: 0.9551
Initial average recall with ef=150: 0.9551
Weighted average ef: 250.17
Training rv-bucket 9 [84.3554, inf) with 200 queries.
Average Recall: 0.96405
Initial average recall with ef=100: 0.96405
Average Recall: 0.9784
Initial average recall with ef=150: 0.9784
Weighted average ef: 154.67
Dataset: sift-128-euclidean
Metric: l2
Truncation ratio: 0.25
Data vectors dimensions: 1000000 x 128
Query vectors dimensions: 10000 x 128
Neighbors dimensions: 10000 x 100
Index loaded
Dimension of space:128
Data size of space:512
Dataset statistics computing time: 0 ms
Sampling computing time: 7814 ms
Loading samplings from /home/ryawszn/experiments/shiro-ef/sampling/sift-128-euclidean-samplings--k100-ef.bin
Samplings loaded from /home/ryawszn/experiments/shiro-ef/sampling/sift-128-euclidean-samplings--k100-ef.bin
Average Recall: 0.918379
Initial average recall with ef=100: 0.91838
Average Recall: 0.937425
Initial average recall with ef=150: 0.93743
Recall diff is too small, break.
Recall diff is too small, break.
Recall diff is too small, break.
Recall diff is too small, break.
Recall diff is too small, break.
Recall diff is too small, break.
Recall diff is too small, break.
Recall diff is too small, break.
Recall diff is too small, break.
Recall diff is too small, break.
Recall diff is too small, break.
Recall diff is too small, break.
Recall diff is too small, break.
Recall diff is too small, break.
Recall diff is too small, break.
Recall diff is too small, break.
Recall diff is too small, break.
Recall diff is too small, break.
Recall diff is too small, break.
Recall diff is too small, break.
Recall diff is too small, break.
Weighted average ef: 262.683
EF-estimation table computing time: 3599 ms
Training rv-bucket 0 [54.9409, 72.9352) with 200 queries.
Average Recall: 0.86565
Initial average recall with ef=100: 0.86565
Average Recall: 0.90445
Initial average recall with ef=150: 0.90445
Recall diff is too small, break.
Recall diff is too small, break.
Recall diff is too small, break.
Recall diff is too small, break.
Weighted average ef: 349.25
Training rv-bucket 1 [72.9352, 75.6892) with 200 queries.
Average Recall: 0.8909
Initial average recall with ef=100: 0.8909
Average Recall: 0.9226
Initial average recall with ef=150: 0.9226
Recall diff is too small, break.
Recall diff is too small, break.
Recall diff is too small, break.
Recall diff is too small, break.
Recall diff is too small, break.
Weighted average ef: 341.415
Training rv-bucket 2 [75.6892, 77.601) with 200 queries.
Average Recall: 0.89965
Initial average recall with ef=100: 0.89965
Average Recall: 0.92805
Initial average recall with ef=150: 0.92805
Recall diff is too small, break.
Recall diff is too small, break.
Recall diff is too small, break.
Recall diff is too small, break.
Recall diff is too small, break.
Weighted average ef: 336.75
Training rv-bucket 3 [77.601, 79.1329) with 200 queries.
Average Recall: 0.91605
Initial average recall with ef=100: 0.91605
Average Recall: 0.93495
Initial average recall with ef=150: 0.93495
Recall diff is too small, break.
Recall diff is too small, break.
Recall diff is too small, break.
Recall diff is too small, break.
Recall diff is too small, break.
Weighted average ef: 285.54
Training rv-bucket 4 [79.1329, 80.724) with 200 queries.
Average Recall: 0.9218
Initial average recall with ef=100: 0.9218
Average Recall: 0.941
Initial average recall with ef=150: 0.941
Recall diff is too small, break.
Recall diff is too small, break.
Recall diff is too small, break.
Recall diff is too small, break.
Recall diff is too small, break.
Recall diff is too small, break.
Recall diff is too small, break.
Recall diff is too small, break.
Recall diff is too small, break.
Weighted average ef: 246
Training rv-bucket 5 [80.724, 82.0337) with 200 queries.
Average Recall: 0.92745
Initial average recall with ef=100: 0.92745
Average Recall: 0.943
Initial average recall with ef=150: 0.943
Recall diff is too small, break.
Recall diff is too small, break.
Weighted average ef: 237
Training rv-bucket 6 [82.0337, 83.2382) with 200 queries.
Average Recall: 0.9342
Initial average recall with ef=100: 0.9342
Average Recall: 0.94635
Initial average recall with ef=150: 0.94635
Recall diff is too small, break.
Recall diff is too small, break.
Recall diff is too small, break.
Recall diff is too small, break.
Recall diff is too small, break.
Recall diff is too small, break.
Recall diff is too small, break.
Recall diff is too small, break.
Recall diff is too small, break.
Weighted average ef: 180.41
Training rv-bucket 7 [83.2382, 84.532) with 200 queries.
Average Recall: 0.93575
Initial average recall with ef=100: 0.93575
Average Recall: 0.94835
Initial average recall with ef=150: 0.94835
Recall diff is too small, break.
Recall diff is too small, break.
Recall diff is too small, break.
Recall diff is too small, break.
Recall diff is too small, break.
Recall diff is too small, break.
Recall diff is too small, break.
Weighted average ef: 173.125
Training rv-bucket 8 [84.532, 86.3291) with 200 queries.
Average Recall: 0.94115
Initial average recall with ef=100: 0.94115
Average Recall: 0.94935
Initial average recall with ef=150: 0.94935
Recall diff is too small, break.
Recall diff is too small, break.
Recall diff is too small, break.
Recall diff is too small, break.
Recall diff is too small, break.
Recall diff is too small, break.
Recall diff is too small, break.
Recall diff is too small, break.
Recall diff is too small, break.
Recall diff is too small, break.
Weighted average ef: 174.73
Training rv-bucket 9 [86.3291, inf) with 200 queries.
Average Recall: 0.9512
Initial average recall with ef=100: 0.9512
Average Recall: 0.9562
Initial average recall with ef=150: 0.9562
Recall diff is too small, break.
Recall diff is too small, break.
Recall diff is too small, break.
Recall diff is too small, break.
Recall diff is too small, break.
Recall diff is too small, break.
Recall diff is too small, break.
Recall diff is too small, break.
Recall diff is too small, break.
Weighted average ef: 116.4
Starting adaptive ef tests...


Dataset: deep-image-96-angular
Metric: cd
Truncation ratio: 0.25
Normalize the data vectors
Data vectors dimensions: 9990000 x 96
Query vectors dimensions: 10000 x 96
Neighbors dimensions: 10000 x 100
Using AVX512 Inner Product distance
Index loaded
Dimension of space:96
Data size of space:384
****Weighted average ef: 246
Search time: 10693 ms
Search time: 8781 ms
Search time: 8817 ms
Average Recall: 0.981296
5th percentile recall: 0.93
1st percentile recall: 0.89
Median search time: 8817 ms
Search times: 8781 ms, 8817 ms, 10693 ms, 
deep-image-96-angular experiment results:
statisc_length, time, avg_recall, 5th_percentile_recall, 1st_percentile_recall, recall_above_99, recall_above_95, recall_above_90
1025, 8817, 0.981296, 0.93, 0.89, 5821, 8768, 9839
Experiment finished
Adaptive EF Analysis for dataset: deep-image-96-angular

Search with Patience in Proximity for dataset: deep-image-96-angular
ef: 300
Average Recall: 0.734045
5th percentile recall: 0.45
1st percentile recall: 0.32
Median search time: 3690 ms
Search times: 3628 ms, 3690 ms, 4761 ms, 
deep-image-96-angular experiment results:
ef, time, avg_recall, 5th_percentile_recall, 1st_percentile_recall, recall_above_99, recall_above_95, recall_above_90
300, 3690, 0.734045, 0.45, 0.32, 95, 464, 1409
Experiment finished
ef: 100
Average Recall: 0.858172
5th percentile recall: 0.6
1st percentile recall: 0.46
Median search time: 2255 ms
Search times: 2238 ms, 2255 ms, 2280 ms, 
ef: 200
Average Recall: 0.935349
5th percentile recall: 0.76
1st percentile recall: 0.62
Median search time: 4216 ms
Search times: 4154 ms, 4216 ms, 4242 ms, 
ef: 400
Average Recall: 0.974592
5th percentile recall: 0.88
1st percentile recall: 0.78
Median search time: 8034 ms
Search times: 7837 ms, 8034 ms, 8949 ms, 
ef: 800
Average Recall: 0.99121
5th percentile recall: 0.95
1st percentile recall: 0.89
Median search time: 14681 ms
Search times: 14605 ms, 14681 ms, 15702 ms, 
deep-image-96-angular experiment results:
ef, time, avg_recall, 5th_percentile_recall, 1st_percentile_recall, recall_above_99, recall_above_95, recall_above_90
100, 2255, 0.858172, 0.6, 0.46, 1331, 2752, 4550
200, 4216, 0.935349, 0.76, 0.62, 3591, 5682, 7579
400, 8034, 0.974592, 0.88, 0.78, 6289, 8232, 9251
800, 14681, 0.99121, 0.95, 0.89, 8379, 9441, 9858
Experiment finished
Dataset: glove-100-angular
Metric: cd
Truncation ratio: 0.25
Normalize the data vectors
Data vectors dimensions: 1183514 x 100
Query vectors dimensions: 10000 x 100
Neighbors dimensions: 10000 x 100
Using AVX512 Inner Product distance
Index loaded
Dimension of space:100
Data size of space:400
****Weighted average ef: 1473
Search time: 42944 ms
Search time: 43527 ms
Search time: 41215 ms
Average Recall: 0.97865
5th percentile recall: 0.91
1st percentile recall: 0.87
Median search time: 42944 ms
Search times: 41215 ms, 42944 ms, 43527 ms, 
glove-100-angular experiment results:
statisc_length, time, avg_recall, 5th_percentile_recall, 1st_percentile_recall, recall_above_99, recall_above_95, recall_above_90
1025, 42944, 0.97865, 0.91, 0.87, 6020, 8180, 9625
Experiment finished
Adaptive EF Analysis for dataset: glove-100-angular

Search with Patience in Proximity for dataset: glove-100-angular
ef: 300
Average Recall: 0.582264
5th percentile recall: 0.13
1st percentile recall: 0.05
Median search time: 3833 ms
Search times: 3703 ms, 3833 ms, 3933 ms, 
glove-100-angular experiment results:
ef, time, avg_recall, 5th_percentile_recall, 1st_percentile_recall, recall_above_99, recall_above_95, recall_above_90
300, 3833, 0.582264, 0.13, 0.05, 61, 365, 1093
Experiment finished
ef: 100
Average Recall: 0.69279
5th percentile recall: 0.22
1st percentile recall: 0.13
Median search time: 2150 ms
Search times: 2066 ms, 2150 ms, 2180 ms, 
ef: 200
Average Recall: 0.780761
5th percentile recall: 0.34
1st percentile recall: 0.24
Median search time: 3973 ms
Search times: 3846 ms, 3973 ms, 4066 ms, 
ef: 400
Average Recall: 0.8506
5th percentile recall: 0.48
1st percentile recall: 0.37
Median search time: 6966 ms
Search times: 6878 ms, 6966 ms, 8237 ms, 
ef: 800
Average Recall: 0.905966
5th percentile recall: 0.63
1st percentile recall: 0.52
Median search time: 13685 ms
Search times: 13329 ms, 13685 ms, 14435 ms, 
ef: 1600
Average Recall: 0.947894
5th percentile recall: 0.77
1st percentile recall: 0.68
Median search time: 26804 ms
Search times: 26696 ms, 26804 ms, 26951 ms, 
ef: 2000
Average Recall: 0.958151
5th percentile recall: 0.81
1st percentile recall: 0.73
Median search time: 32427 ms
Search times: 32379 ms, 32427 ms, 32472 ms, 
ef: 2400
Average Recall: 0.96554
5th percentile recall: 0.84
1st percentile recall: 0.77
Median search time: 37974 ms
Search times: 37759 ms, 37974 ms, 37978 ms, 
ef: 2800
Average Recall: 0.971168
5th percentile recall: 0.86
1st percentile recall: 0.8
Median search time: 44728 ms
Search times: 43915 ms, 44728 ms, 44758 ms, 
ef: 3200
Average Recall: 0.975495
5th percentile recall: 0.88
1st percentile recall: 0.82
Median search time: 50156 ms
Search times: 50013 ms, 50156 ms, 50769 ms, 
ef: 3600
Average Recall: 0.978852
5th percentile recall: 0.9
1st percentile recall: 0.84
Median search time: 55715 ms
Search times: 54752 ms, 55715 ms, 56332 ms, 
ef: 4000
Average Recall: 0.981573
5th percentile recall: 0.91
1st percentile recall: 0.86
Median search time: 61024 ms
Search times: 60129 ms, 61024 ms, 61314 ms, 
ef: 4400
Average Recall: 0.983881
5th percentile recall: 0.92
1st percentile recall: 0.87
Median search time: 66451 ms
Search times: 66444 ms, 66451 ms, 66930 ms, 
ef: 4800
Average Recall: 0.985826
5th percentile recall: 0.93
1st percentile recall: 0.88
Median search time: 72056 ms
Search times: 71637 ms, 72056 ms, 72507 ms, 
ef: 5200
Average Recall: 0.987418
5th percentile recall: 0.94
1st percentile recall: 0.9
Median search time: 77587 ms
Search times: 77433 ms, 77587 ms, 78329 ms, 
glove-100-angular experiment results:
ef, time, avg_recall, 5th_percentile_recall, 1st_percentile_recall, recall_above_99, recall_above_95, recall_above_90
100, 2150, 0.69279, 0.22, 0.13, 903, 1807, 2837
200, 3973, 0.780761, 0.34, 0.24, 2084, 3132, 4250
400, 6966, 0.8506, 0.48, 0.37, 3178, 4334, 5490
800, 13685, 0.905966, 0.63, 0.52, 4215, 5494, 6665
1600, 26804, 0.947894, 0.77, 0.68, 5304, 6636, 7842
2000, 32427, 0.958151, 0.81, 0.73, 5673, 7062, 8270
2400, 37974, 0.96554, 0.84, 0.77, 5989, 7386, 8618
2800, 44728, 0.971168, 0.86, 0.8, 6266, 7694, 8947
3200, 50156, 0.975495, 0.88, 0.82, 6495, 7978, 9185
3600, 55715, 0.978852, 0.9, 0.84, 6713, 8227, 9394
4000, 61024, 0.981573, 0.91, 0.86, 6921, 8440, 9548
4400, 66451, 0.983881, 0.92, 0.87, 7133, 8624, 9681
4800, 72056, 0.985826, 0.93, 0.88, 7338, 8824, 9768
5200, 77587, 0.987418, 0.94, 0.9, 7510, 8999, 9835
Experiment finished
Dataset: sift-128-euclidean
Metric: l2
Truncation ratio: 0.25
Data vectors dimensions: 1000000 x 128
Query vectors dimensions: 10000 x 128
Neighbors dimensions: 10000 x 100
Index loaded
Dimension of space:128
Data size of space:512
****Weighted average ef: 244
Search time: 6045 ms
Search time: 6191 ms
Search time: 6142 ms
Average Recall: 0.993727
5th percentile recall: 0.97
1st percentile recall: 0.94
Median search time: 6142 ms
Search times: 6045 ms, 6142 ms, 6191 ms, 
sift-128-euclidean experiment results:
statisc_length, time, avg_recall, 5th_percentile_recall, 1st_percentile_recall, recall_above_99, recall_above_95, recall_above_90
1025, 6142, 0.993727, 0.97, 0.94, 8543, 9785, 9993
Experiment finished
Adaptive EF Analysis for dataset: sift-128-euclidean

Search with Patience in Proximity for dataset: sift-128-euclidean
ef: 300
Average Recall: 0.807587
5th percentile recall: 0.62
1st percentile recall: 0.53
Median search time: 3166 ms
Search times: 3157 ms, 3166 ms, 3227 ms, 
sift-128-euclidean experiment results:
ef, time, avg_recall, 5th_percentile_recall, 1st_percentile_recall, recall_above_99, recall_above_95, recall_above_90
300, 3166, 0.807587, 0.62, 0.53, 96, 595, 1967
Experiment finished
ef: 100
Average Recall: 0.926805
5th percentile recall: 0.79
1st percentile recall: 0.72
Median search time: 1783 ms
Search times: 1776 ms, 1783 ms, 1787 ms, 
ef: 200
Average Recall: 0.979195
5th percentile recall: 0.92
1st percentile recall: 0.87
Median search time: 3348 ms
Search times: 3335 ms, 3348 ms, 3369 ms, 
ef: 400
Average Recall: 0.995709
5th percentile recall: 0.98
1st percentile recall: 0.95
Median search time: 6242 ms
Search times: 6134 ms, 6242 ms, 7233 ms, 
sift-128-euclidean experiment results:
ef, time, avg_recall, 5th_percentile_recall, 1st_percentile_recall, recall_above_99, recall_above_95, recall_above_90
100, 1783, 0.926805, 0.79, 0.72, 2003, 4251, 6988
200, 3348, 0.979195, 0.92, 0.87, 5826, 8450, 9688
400, 6242, 0.995709, 0.98, 0.95, 9056, 9888, 9997
Experiment finished
