=== Generating 20x20 Adaptive EF Lookup Table (M_RC x m_LID) ===
Target Recall: 0.95
Dataset:       glove-100-angular
----------------------------------------------------------------

Loading dataset: /home/ryawszn/experiments/data/glove-100-angular.hdf5
Loading HNSW index from /home/ryawszn/experiments/index/glove-100-angular-M16-efc-500-parallel.hnsw...
Mean computation time: 10 ms
Number of threads: 4
Covariance matrix computation time: 75 ms

Phase 1: Probing all queries to calculate M_RC and m_LID...
Phase 2: Calculating 20x20 Quantile Boundaries...
Phase 3: Stepping ef by +50 to hit Target Recall (0.95) for each bucket...

=======================================================================================================================
                                  20x20 Adaptive EF Lookup Table (ef, actual_recall)                                   
=======================================================================================================================
     |    m1     |    m2     |    m3     |    m4     |    m5     |    m6     |    m7     |    m8     |    m9     |    m10    |    m11    |    m12    |    m13    |    m14    |    m15    |    m16    |    m17    |    m18    |    m19    |    m20    |
-----------------------------------------------------------------------------------------------------------------------
 M1  |  50,1.00|  50,0.99|  50,0.97|  50,0.96| 250,0.95|  50,0.95|  50,1.00|  50,1.00|  50,1.00|  50,0.95|  50,1.00|   ---     |   ---     |  50,1.00|   ---     |   ---     |   ---     |   ---     |   ---     |   ---     |
 M2  |  50,1.00|  50,1.00|  50,0.99|  50,0.98|  50,0.97|  50,0.97|  50,0.95|  50,0.99| 500,0.95|  50,0.98|  50,0.95|  50,1.00|  50,0.95| 100,0.98|  50,1.00|   ---     |   ---     |   ---     |   ---     |   ---     |
 M3  |  50,1.00|  50,0.99|  50,0.99|  50,0.98|  50,0.96| 100,0.96|  50,0.97| 150,0.95|  50,0.97| 100,0.97|  50,0.98|  50,0.95|  50,0.97| 100,1.00| 100,1.00|   ---     | 150,1.00| 100,1.00|   ---     |   ---     |
 M4  |  50,1.00|  50,1.00|  50,0.98|  50,0.98|  50,0.95|  50,0.95| 100,0.98| 100,0.96|  50,0.97| 150,0.96| 250,0.95| 100,0.97| 100,1.00| 100,0.98| 100,1.00| 100,1.00| 100,1.00|  50,0.95| 150,1.00|   ---     |
 M5  |  50,1.00|  50,1.00|  50,0.99|  50,0.98|  50,0.96|  50,0.95| 100,0.98| 150,0.96| 100,0.97| 150,0.97|  50,0.96| 100,0.98| 150,0.97| 100,0.96| 100,0.97| 100,0.98|  50,1.00|   ---     | 150,1.00|   ---     |
 M6  |  50,1.00|  50,1.00|  50,0.98|  50,0.96|  50,0.96|  50,0.95| 100,0.96| 200,0.96| 100,0.98| 100,0.96| 100,0.99| 100,0.96| 100,1.00| 100,0.98|  50,0.95| 100,0.97| 150,0.95| 100,0.98| 100,1.00| 250,1.00|
 M7  |  50,1.00|  50,0.99|  50,0.97|  50,0.98|  50,0.96| 100,0.96| 100,0.97| 200,0.96| 100,0.97| 100,0.95| 100,0.95| 200,0.96| 150,0.95| 100,0.96| 100,0.97| 100,0.98| 100,0.98| 100,0.95|   ---     | 100,0.97|
 M8  |   ---     |  50,1.00|  50,0.97|  50,0.98|  50,0.96|  50,0.96| 100,0.97| 100,0.96| 150,0.96| 100,0.96| 250,0.95| 150,0.96| 200,0.96| 200,0.96| 150,0.98| 100,0.96| 150,0.99| 500,0.96| 200,0.95|   ---     |
 M9  |   ---     |  50,1.00|  50,0.97|  50,0.96| 100,0.96| 100,0.95| 100,0.95| 200,0.96| 150,0.95| 100,0.96| 200,0.96| 150,0.95| 200,0.97| 150,0.95| 100,0.97| 200,0.95| 150,0.95| 400,0.97| 100,0.96|   ---     |
 M10 |   ---     |  50,1.00|  50,0.95|  50,0.97| 450,0.96| 100,0.97| 100,0.95| 200,0.96| 150,0.96| 100,0.96| 200,0.95| 200,0.96| 150,0.96| 250,0.95| 250,0.95| 150,0.96| 550,0.95| 100,0.97| 150,0.95| 250,0.95|
 M11 |   ---     |   ---     |  50,1.00|  50,0.97|  50,0.97| 100,0.97| 150,0.96| 250,0.96| 200,0.97| 200,0.96| 250,0.95| 250,0.95| 250,0.96| 250,0.95| 300,0.95| 200,0.96| 200,0.95| 200,0.95| 200,0.99| 450,0.97|
 M12 |   ---     |   ---     |   ---     |   ---     |  50,0.95| 150,0.96|  50,0.95| 200,0.96| 150,0.95| 300,0.96| 300,0.95| 250,0.95| 350,0.95| 300,0.96| 250,0.96| 400,0.95| 250,0.96| 250,0.96| 200,0.95| 200,1.00|
 M13 |   ---     |   ---     |   ---     |  50,1.00|  50,1.00| 500,0.95| 250,0.95| 150,0.95| 250,0.95| 250,0.96| 200,0.95| 300,0.95| 350,0.95| 450,0.96| 500,0.96| 600,0.96| 250,0.96| 250,0.95| 450,0.96| 250,0.95|
 M14 |   ---     |   ---     |   ---     | 650,1.00|  50,1.00| 950,0.95| 650,0.95| 250,0.95| 400,0.95| 550,0.96| 550,0.95| 550,0.95| 500,0.95| 600,0.95| 400,0.96| 400,0.95| 650,0.95| 950,0.95| 450,0.95| 450,0.95|
 M15 |   ---     |   ---     |   ---     |   ---     | 2000,0.90| 700,0.95| 450,0.98| 1250,0.96| 450,0.95| 1200,0.95| 500,0.95| 850,0.95| 650,0.95| 800,0.95| 750,0.95| 700,0.95| 700,0.95| 400,0.96| 700,0.95| 850,0.96|
 M16 |   ---     |   ---     |   ---     |   ---     |   ---     | 1800,1.00| 1000,0.96| 1000,0.96| 450,0.95| 1100,0.95| 1500,0.95| 1350,0.95| 1350,0.95| 1150,0.95| 850,0.95| 1200,0.95| 1000,0.95| 900,0.95| 850,0.95| 700,0.95|
 M17 |   ---     |   ---     |   ---     |   ---     |   ---     |   ---     |   ---     | 2000,0.90| 1350,0.95| 1400,0.95| 2000,0.95| 1350,0.95| 1400,0.95| 1400,0.95| 1900,0.95| 1350,0.95| 1900,0.95| 1500,0.95| 1400,0.95| 1000,0.95|
 M18 |   ---     |   ---     |   ---     |   ---     |   ---     |   ---     |   ---     | 850,1.00| 850,1.00| 900,0.95| 2000,0.96| 2000,0.95| 1450,0.96| 2000,0.95| 2000,0.93| 2000,0.95| 2000,0.94| 2000,0.94| 1700,0.95| 1950,0.95|
 M19 |   ---     |   ---     |   ---     |   ---     |   ---     |   ---     |   ---     |   ---     | 2000,0.90|   ---     |   ---     | 2000,0.93| 2000,0.94| 2000,0.90| 2000,0.93| 2000,0.90| 2000,0.91| 2000,0.92| 2000,0.92| 2000,0.92|
 M20 |   ---     |   ---     |   ---     |   ---     |   ---     |   ---     |   ---     |   ---     |   ---     |   ---     | 2000,0.83| 2000,0.90| 2000,0.84| 2000,0.90| 2000,0.85| 2000,0.89| 2000,0.87| 2000,0.85| 2000,0.87| 2000,0.89|
=======================================================================================================================

Lookup table saved to research/lookup_table_RC.csv
